app/build/intermediates/manifest_merge_blame_file/release/manifest-merger-blame-release-report.txt
1<?xml version="1.0" encoding="utf-8"?>
2<manifest xmlns:android="http://schemas.android.com/apk/res/android"
3    package="com.example.aponk"
4    android:versionCode="1"
5    android:versionName="1.0" >
6
7    <uses-sdk
8        android:minSdkVersion="21"
8-->src/main/AndroidManifest.xml
9        android:targetSdkVersion="32" />
9-->src/main/AndroidManifest.xml
10
11    <uses-permission android:name="android.permission.INTERNET" />
11-->src/main/AndroidManifest.xml:6:5-67
11-->src/main/AndroidManifest.xml:6:22-64
12    <uses-permission android:name="android.permission.ACCESS_FINE_LOCATION" />
12-->src/main/AndroidManifest.xml:7:5-79
12-->src/main/AndroidManifest.xml:7:22-76
13    <uses-permission android:name="android.permission.ACCESS_COARSE_LOCATION" />
13-->src/main/AndroidManifest.xml:8:5-81
13-->src/main/AndroidManifest.xml:8:22-78
14    <uses-permission android:name="android.permission.CAMERA" />
14-->src/main/AndroidManifest.xml:9:5-65
14-->src/main/AndroidManifest.xml:9:22-62
15    <uses-permission android:name="android.permission.ACCESS_NETWORK_STATE" />
15-->[com.google.firebase:firebase-auth:21.1.0] AndroidManifest.xml:24:5-79
15-->[com.google.firebase:firebase-auth:21.1.0] AndroidManifest.xml:24:22-76
16
17    <uses-feature
17-->[com.google.android.gms:play-services-maps:18.1.0] AndroidManifest.xml:26:5-28:35
18        android:glEsVersion="0x00020000"
18-->[com.google.android.gms:play-services-maps:18.1.0] AndroidManifest.xml:27:9-41
19        android:required="true" />
19-->[com.google.android.gms:play-services-maps:18.1.0] AndroidManifest.xml:28:9-32
20
21    <queries>
21-->[com.google.android.gms:play-services-maps:18.1.0] AndroidManifest.xml:30:5-34:15
22
23        <!-- Needs to be explicitly declared on Android R+ -->
24        <package android:name="com.google.android.apps.maps" />
24-->[com.google.android.gms:play-services-maps:18.1.0] AndroidManifest.xml:33:9-64
24-->[com.google.android.gms:play-services-maps:18.1.0] AndroidManifest.xml:33:18-61
25    </queries> <!-- Don't require camera, as this requires a rear camera. This allows it to work on the Nexus 7 -->
26    <uses-feature
26-->[com.journeyapps:zxing-android-embedded:4.3.0] AndroidManifest.xml:25:5-27:36
27        android:name="android.hardware.camera"
27-->[com.journeyapps:zxing-android-embedded:4.3.0] AndroidManifest.xml:26:9-47
28        android:required="false" />
28-->[com.journeyapps:zxing-android-embedded:4.3.0] AndroidManifest.xml:27:9-33
29    <uses-feature
29-->[com.journeyapps:zxing-android-embedded:4.3.0] AndroidManifest.xml:28:5-30:36
30        android:name="android.hardware.camera.front"
30-->[com.journeyapps:zxing-android-embedded:4.3.0] AndroidManifest.xml:29:9-53
31        android:required="false" /> <!-- TODO replace above two with next line after Android 4.2 -->
31-->[com.journeyapps:zxing-android-embedded:4.3.0] AndroidManifest.xml:30:9-33
32    <!-- <uses-feature android:name="android.hardware.camera.any"/> -->
33    <uses-feature
33-->[com.journeyapps:zxing-android-embedded:4.3.0] AndroidManifest.xml:33:5-35:36
34        android:name="android.hardware.camera.autofocus"
34-->[com.journeyapps:zxing-android-embedded:4.3.0] AndroidManifest.xml:34:9-57
35        android:required="false" />
35-->[com.journeyapps:zxing-android-embedded:4.3.0] AndroidManifest.xml:35:9-33
36    <uses-feature
36-->[com.journeyapps:zxing-android-embedded:4.3.0] AndroidManifest.xml:36:5-38:36
37        android:name="android.hardware.camera.flash"
37-->[com.journeyapps:zxing-android-embedded:4.3.0] AndroidManifest.xml:37:9-53
38        android:required="false" />
38-->[com.journeyapps:zxing-android-embedded:4.3.0] AndroidManifest.xml:38:9-33
39    <uses-feature
39-->[com.journeyapps:zxing-android-embedded:4.3.0] AndroidManifest.xml:39:5-41:36
40        android:name="android.hardware.screen.landscape"
40-->[com.journeyapps:zxing-android-embedded:4.3.0] AndroidManifest.xml:40:9-57
41        android:required="false" />
41-->[com.journeyapps:zxing-android-embedded:4.3.0] AndroidManifest.xml:41:9-33
42    <uses-feature
42-->[com.journeyapps:zxing-android-embedded:4.3.0] AndroidManifest.xml:42:5-44:36
43        android:name="android.hardware.wifi"
43-->[com.journeyapps:zxing-android-embedded:4.3.0] AndroidManifest.xml:43:9-45
44        android:required="false" />
44-->[com.journeyapps:zxing-android-embedded:4.3.0] AndroidManifest.xml:44:9-33
45
46    <application
46-->src/main/AndroidManifest.xml:11:5-51:19
47        android:allowBackup="true"
47-->src/main/AndroidManifest.xml:12:9-35
48        android:appComponentFactory="androidx.core.app.CoreComponentFactory"
48-->[androidx.core:core:1.8.0] AndroidManifest.xml:24:18-86
49        android:dataExtractionRules="@xml/data_extraction_rules"
49-->src/main/AndroidManifest.xml:13:9-65
50        android:fullBackupContent="@xml/backup_rules"
50-->src/main/AndroidManifest.xml:14:9-54
51        android:icon="@mipmap/ic_launcher_foreground"
51-->src/main/AndroidManifest.xml:15:9-54
52        android:label="@string/app_name"
52-->src/main/AndroidManifest.xml:16:9-41
53        android:roundIcon="@mipmap/ic_launcher_foreground"
53-->src/main/AndroidManifest.xml:17:9-59
54        android:supportsRtl="true"
54-->src/main/AndroidManifest.xml:18:9-35
55        android:theme="@style/Theme.Aponk" >
55-->src/main/AndroidManifest.xml:19:9-43
56        <meta-data
56-->src/main/AndroidManifest.xml:22:9-24:47
57            android:name="com.google.android.geo.API_KEY"
57-->src/main/AndroidManifest.xml:23:13-58
58            android:value="@string/map_key" />
58-->src/main/AndroidManifest.xml:24:13-44
59
60        <activity
60-->src/main/AndroidManifest.xml:27:9-29:40
61            android:name="com.example.aponk.Dashboard.Dashboard"
61-->src/main/AndroidManifest.xml:28:13-48
62            android:exported="false" />
62-->src/main/AndroidManifest.xml:29:13-37
63        <activity
63-->src/main/AndroidManifest.xml:30:9-32:40
64            android:name="com.example.aponk.Register"
64-->src/main/AndroidManifest.xml:31:13-37
65            android:exported="false" />
65-->src/main/AndroidManifest.xml:32:13-37
66        <activity
66-->src/main/AndroidManifest.xml:33:9-35:40
67            android:name="com.example.aponk.Login"
67-->src/main/AndroidManifest.xml:34:13-34
68            android:exported="false" />
68-->src/main/AndroidManifest.xml:35:13-37
69        <activity
69-->src/main/AndroidManifest.xml:36:9-44:20
70            android:name="com.example.aponk.MainActivity"
70-->src/main/AndroidManifest.xml:37:13-41
71            android:exported="true" >
71-->src/main/AndroidManifest.xml:38:13-36
72            <intent-filter>
72-->src/main/AndroidManifest.xml:39:13-43:29
73                <action android:name="android.intent.action.MAIN" />
73-->src/main/AndroidManifest.xml:40:17-69
73-->src/main/AndroidManifest.xml:40:25-66
74
75                <category android:name="android.intent.category.LAUNCHER" />
75-->src/main/AndroidManifest.xml:42:17-77
75-->src/main/AndroidManifest.xml:42:27-74
76            </intent-filter>
77        </activity>
78        <activity
78-->src/main/AndroidManifest.xml:45:9-49:57
79            android:name="com.example.aponk.Dashboard.CaptureAct"
79-->src/main/AndroidManifest.xml:46:13-49
80            android:screenOrientation="portrait"
80-->src/main/AndroidManifest.xml:47:13-49
81            android:stateNotNeeded="true"
81-->src/main/AndroidManifest.xml:48:13-42
82            android:theme="@style/zxing_CaptureTheme" />
82-->src/main/AndroidManifest.xml:49:13-54
83        <activity
83-->[com.google.firebase:firebase-auth:21.1.0] AndroidManifest.xml:27:9-44:20
84            android:name="com.google.firebase.auth.internal.GenericIdpActivity"
84-->[com.google.firebase:firebase-auth:21.1.0] AndroidManifest.xml:28:13-80
85            android:excludeFromRecents="true"
85-->[com.google.firebase:firebase-auth:21.1.0] AndroidManifest.xml:29:13-46
86            android:exported="true"
86-->[com.google.firebase:firebase-auth:21.1.0] AndroidManifest.xml:30:13-36
87            android:launchMode="singleTask"
87-->[com.google.firebase:firebase-auth:21.1.0] AndroidManifest.xml:31:13-44
88            android:theme="@android:style/Theme.Translucent.NoTitleBar" >
88-->[com.google.firebase:firebase-auth:21.1.0] AndroidManifest.xml:32:13-72
89            <intent-filter>
89-->[com.google.firebase:firebase-auth:21.1.0] AndroidManifest.xml:33:13-43:29
90                <action android:name="android.intent.action.VIEW" />
90-->[com.google.firebase:firebase-auth:21.1.0] AndroidManifest.xml:34:17-69
90-->[com.google.firebase:firebase-auth:21.1.0] AndroidManifest.xml:34:25-66
91
92                <category android:name="android.intent.category.DEFAULT" />
92-->[com.google.firebase:firebase-auth:21.1.0] AndroidManifest.xml:36:17-76
92-->[com.google.firebase:firebase-auth:21.1.0] AndroidManifest.xml:36:27-73
93                <category android:name="android.intent.category.BROWSABLE" />
93-->[com.google.firebase:firebase-auth:21.1.0] AndroidManifest.xml:37:17-78
93-->[com.google.firebase:firebase-auth:21.1.0] AndroidManifest.xml:37:27-75
94
95                <data
95-->[com.google.firebase:firebase-auth:21.1.0] AndroidManifest.xml:39:17-42:51
96                    android:host="firebase.auth"
96-->[com.google.firebase:firebase-auth:21.1.0] AndroidManifest.xml:40:21-49
97                    android:path="/"
97-->[com.google.firebase:firebase-auth:21.1.0] AndroidManifest.xml:41:21-37
98                    android:scheme="genericidp" />
98-->[com.google.firebase:firebase-auth:21.1.0] AndroidManifest.xml:42:21-48
99            </intent-filter>
100        </activity>
101        <activity
101-->[com.google.firebase:firebase-auth:21.1.0] AndroidManifest.xml:45:9-62:20
102            android:name="com.google.firebase.auth.internal.RecaptchaActivity"
102-->[com.google.firebase:firebase-auth:21.1.0] AndroidManifest.xml:46:13-79
103            android:excludeFromRecents="true"
103-->[com.google.firebase:firebase-auth:21.1.0] AndroidManifest.xml:47:13-46
104            android:exported="true"
104-->[com.google.firebase:firebase-auth:21.1.0] AndroidManifest.xml:48:13-36
105            android:launchMode="singleTask"
105-->[com.google.firebase:firebase-auth:21.1.0] AndroidManifest.xml:49:13-44
106            android:theme="@android:style/Theme.Translucent.NoTitleBar" >
106-->[com.google.firebase:firebase-auth:21.1.0] AndroidManifest.xml:50:13-72
107            <intent-filter>
107-->[com.google.firebase:firebase-auth:21.1.0] AndroidManifest.xml:51:13-61:29
108                <action android:name="android.intent.action.VIEW" />
108-->[com.google.firebase:firebase-auth:21.1.0] AndroidManifest.xml:34:17-69
108-->[com.google.firebase:firebase-auth:21.1.0] AndroidManifest.xml:34:25-66
109
110                <category android:name="android.intent.category.DEFAULT" />
110-->[com.google.firebase:firebase-auth:21.1.0] AndroidManifest.xml:36:17-76
110-->[com.google.firebase:firebase-auth:21.1.0] AndroidManifest.xml:36:27-73
111                <category android:name="android.intent.category.BROWSABLE" />
111-->[com.google.firebase:firebase-auth:21.1.0] AndroidManifest.xml:37:17-78
111-->[com.google.firebase:firebase-auth:21.1.0] AndroidManifest.xml:37:27-75
112
113                <data
113-->[com.google.firebase:firebase-auth:21.1.0] AndroidManifest.xml:39:17-42:51
114                    android:host="firebase.auth"
114-->[com.google.firebase:firebase-auth:21.1.0] AndroidManifest.xml:40:21-49
115                    android:path="/"
115-->[com.google.firebase:firebase-auth:21.1.0] AndroidManifest.xml:41:21-37
116                    android:scheme="recaptcha" />
116-->[com.google.firebase:firebase-auth:21.1.0] AndroidManifest.xml:42:21-48
117            </intent-filter>
118        </activity>
119
120        <service
120-->[com.google.firebase:firebase-auth:21.1.0] AndroidManifest.xml:64:9-70:19
121            android:name="com.google.firebase.components.ComponentDiscoveryService"
121-->[com.google.firebase:firebase-auth:21.1.0] AndroidManifest.xml:65:13-84
122            android:directBootAware="true"
122-->[com.google.firebase:firebase-common:20.2.0] AndroidManifest.xml:34:13-43
123            android:exported="false" >
123-->[com.google.firebase:firebase-auth:21.1.0] AndroidManifest.xml:66:13-37
124            <meta-data
124-->[com.google.firebase:firebase-auth:21.1.0] AndroidManifest.xml:67:13-69:85
125                android:name="com.google.firebase.components:com.google.firebase.auth.FirebaseAuthRegistrar"
125-->[com.google.firebase:firebase-auth:21.1.0] AndroidManifest.xml:68:17-109
126                android:value="com.google.firebase.components.ComponentRegistrar" />
126-->[com.google.firebase:firebase-auth:21.1.0] AndroidManifest.xml:69:17-82
127            <meta-data
127-->[com.google.firebase:firebase-database:20.1.0] AndroidManifest.xml:31:13-33:85
128                android:name="com.google.firebase.components:com.google.firebase.database.DatabaseRegistrar"
128-->[com.google.firebase:firebase-database:20.1.0] AndroidManifest.xml:32:17-109
129                android:value="com.google.firebase.components.ComponentRegistrar" />
129-->[com.google.firebase:firebase-database:20.1.0] AndroidManifest.xml:33:17-82
130        </service> <!-- Needs to be explicitly declared on P+ -->
131        <uses-library
131-->[com.google.android.gms:play-services-maps:18.1.0] AndroidManifest.xml:39:9-41:40
132            android:name="org.apache.http.legacy"
132-->[com.google.android.gms:play-services-maps:18.1.0] AndroidManifest.xml:40:13-50
133            android:required="false" />
133-->[com.google.android.gms:play-services-maps:18.1.0] AndroidManifest.xml:41:13-37
134
135        <activity
135-->[com.journeyapps:zxing-android-embedded:4.3.0] AndroidManifest.xml:47:9-53:63
136            android:name="com.journeyapps.barcodescanner.CaptureActivity"
136-->[com.journeyapps:zxing-android-embedded:4.3.0] AndroidManifest.xml:48:13-74
137            android:clearTaskOnLaunch="true"
137-->[com.journeyapps:zxing-android-embedded:4.3.0] AndroidManifest.xml:49:13-45
138            android:screenOrientation="sensorLandscape"
138-->[com.journeyapps:zxing-android-embedded:4.3.0] AndroidManifest.xml:50:13-56
139            android:stateNotNeeded="true"
139-->[com.journeyapps:zxing-android-embedded:4.3.0] AndroidManifest.xml:51:13-42
140            android:theme="@style/zxing_CaptureTheme"
140-->[com.journeyapps:zxing-android-embedded:4.3.0] AndroidManifest.xml:52:13-54
141            android:windowSoftInputMode="stateAlwaysHidden" />
141-->[com.journeyapps:zxing-android-embedded:4.3.0] AndroidManifest.xml:53:13-60
142
143        <provider
143-->[com.google.firebase:firebase-common:20.2.0] AndroidManifest.xml:25:9-30:39
144            android:name="com.google.firebase.provider.FirebaseInitProvider"
144-->[com.google.firebase:firebase-common:20.2.0] AndroidManifest.xml:26:13-77
145            android:authorities="com.example.aponk.firebaseinitprovider"
145-->[com.google.firebase:firebase-common:20.2.0] AndroidManifest.xml:27:13-72
146            android:directBootAware="true"
146-->[com.google.firebase:firebase-common:20.2.0] AndroidManifest.xml:28:13-43
147            android:exported="false"
147-->[com.google.firebase:firebase-common:20.2.0] AndroidManifest.xml:29:13-37
148            android:initOrder="100" />
148-->[com.google.firebase:firebase-common:20.2.0] AndroidManifest.xml:30:13-36
149
150        <activity
150-->[com.google.android.gms:play-services-base:18.0.1] AndroidManifest.xml:20:9-22:45
151            android:name="com.google.android.gms.common.api.GoogleApiActivity"
151-->[com.google.android.gms:play-services-base:18.0.1] AndroidManifest.xml:20:19-85
152            android:exported="false"
152-->[com.google.android.gms:play-services-base:18.0.1] AndroidManifest.xml:22:19-43
153            android:theme="@android:style/Theme.Translucent.NoTitleBar" />
153-->[com.google.android.gms:play-services-base:18.0.1] AndroidManifest.xml:21:19-78
154
155        <meta-data
155-->[com.google.android.gms:play-services-basement:18.1.0] AndroidManifest.xml:21:9-23:69
156            android:name="com.google.android.gms.version"
156-->[com.google.android.gms:play-services-basement:18.1.0] AndroidManifest.xml:22:13-58
157            android:value="@integer/google_play_services_version" />
157-->[com.google.android.gms:play-services-basement:18.1.0] AndroidManifest.xml:23:13-66
158
159        <provider
159-->[androidx.emoji2:emoji2:1.2.0] AndroidManifest.xml:24:9-32:20
160            android:name="androidx.startup.InitializationProvider"
160-->[androidx.emoji2:emoji2:1.2.0] AndroidManifest.xml:25:13-67
161            android:authorities="com.example.aponk.androidx-startup"
161-->[androidx.emoji2:emoji2:1.2.0] AndroidManifest.xml:26:13-68
162            android:exported="false" >
162-->[androidx.emoji2:emoji2:1.2.0] AndroidManifest.xml:27:13-37
163            <meta-data
163-->[androidx.emoji2:emoji2:1.2.0] AndroidManifest.xml:29:13-31:52
164                android:name="androidx.emoji2.text.EmojiCompatInitializer"
164-->[androidx.emoji2:emoji2:1.2.0] AndroidManifest.xml:30:17-75
165                android:value="androidx.startup" />
165-->[androidx.emoji2:emoji2:1.2.0] AndroidManifest.xml:31:17-49
166            <meta-data
166-->[androidx.lifecycle:lifecycle-process:2.4.1] AndroidManifest.xml:31:13-33:52
167                android:name="androidx.lifecycle.ProcessLifecycleInitializer"
167-->[androidx.lifecycle:lifecycle-process:2.4.1] AndroidManifest.xml:32:17-78
168                android:value="androidx.startup" />
168-->[androidx.lifecycle:lifecycle-process:2.4.1] AndroidManifest.xml:33:17-49
169        </provider>
170    </application>
171
172</manifest>